<?xml version="1.0" encoding="UTF-8"?>
<!-- Generated by org.testng.reporters.JUnitXMLReporter -->
<testsuite hostname="DIN13002819" ignored="0" name="Test" tests="6" failures="0" timestamp="2020-10-20T15:23:41 IST" time="166.543" errors="0">
  <testcase name="launchHomePage" time="7.395" classname="retailPSA.RetailMaven.RetailMainTest"/>
  <testcase name="addAMIPop2YearService" time="29.241" classname="retailPSA.RetailMaven.RetailMainTest"/>
  <testcase name="userAccountCreation" time="12.755" classname="retailPSA.RetailMaven.RetailMainTest"/>
  <testcase name="cartVerification" time="31.35" classname="retailPSA.RetailMaven.RetailMainTest"/>
  <testcase name="paymentProcess" time="71.141" classname="retailPSA.RetailMaven.RetailMainTest"/>
  <testcase name="closeBrowser" time="2.424" classname="retailPSA.RetailMaven.RetailMainTest"/>
</testsuite> <!-- Test -->
